{"level":"INFO","timestamp":"Wed Aug 07 09:28:14 CDT 2019","thread":"main","logger":"org.javalite.activeweb.RequestDispatcher","message":"ActiveWeb: starting the app in environment: development"}
{"level":"INFO","timestamp":"Wed Aug 07 09:28:48 CDT 2019","thread":"qtp679613617-17","logger":"org.javalite.activeweb.RequestDispatcher","message":{"info":"executing controller","controller":"app.controllers.HomeController","action":"index","method":"GET"}}
{"level":"INFO","timestamp":"Wed Aug 07 09:28:48 CDT 2019","thread":"qtp679613617-17","logger":"org.javalite.activeweb.freemarker.FreeMarkerTemplateManager","message":"Rendering template: '/home/index.ftl' with layout: '/layouts/default_layout.ftl'."}
{"level":"INFO","timestamp":"Wed Aug 07 09:28:48 CDT 2019","thread":"qtp679613617-17","logger":"org.javalite.activeweb.RequestDispatcher","message":{"controller":"app.controllers.HomeController","duration_millis":949,"remote_ip":"0:0:0:0:0:0:0:1","method":"GET","action":"index","url":"http://localhost:8080/","status":200}}
{"level":"INFO","timestamp":"Wed Aug 07 09:28:53 CDT 2019","thread":"qtp679613617-22","logger":"org.javalite.activeweb.RequestDispatcher","message":{"controller":"","duration_millis":3,"remote_ip":"0:0:0:0:0:0:0:1","method":"GET","action":"","error":"java.lang.ClassNotFoundException: app.controllers.TestController","url":"http://localhost:8080/test","status":404}}
{"level":"INFO","timestamp":"Wed Aug 07 09:28:53 CDT 2019","thread":"qtp679613617-22","logger":"org.javalite.activeweb.freemarker.FreeMarkerTemplateManager","message":"Rendering template: '/system/404.ftl' with layout: '/layouts/default_layout.ftl'."}
{"level":"INFO","timestamp":"Wed Aug 07 09:30:01 CDT 2019","thread":"qtp679613617-19","logger":"org.javalite.activeweb.RequestDispatcher","message":{"info":"executing controller","controller":"app.controllers.TestController","action":"index","method":"GET"}}
{"level":"INFO","timestamp":"Wed Aug 07 09:30:01 CDT 2019","thread":"qtp679613617-19","logger":"org.javalite.activeweb.freemarker.FreeMarkerTemplateManager","message":"Rendering template: '/test/index.ftl' with layout: '/layouts/default_layout.ftl'."}
{"level":"INFO","timestamp":"Wed Aug 07 09:30:01 CDT 2019","thread":"qtp679613617-19","logger":"org.javalite.activeweb.RequestDispatcher","message":{"controller":"app.controllers.TestController","duration_millis":87,"remote_ip":"0:0:0:0:0:0:0:1","method":"GET","action":"index","url":"http://localhost:8080/test","status":200}}
{"level":"INFO","timestamp":"Wed Aug 07 09:31:26 CDT 2019","thread":"qtp679613617-21","logger":"org.javalite.activeweb.RequestDispatcher","message":{"info":"executing controller","controller":"app.controllers.TestController","action":"index","method":"GET"}}
{"level":"INFO","timestamp":"Wed Aug 07 09:31:26 CDT 2019","thread":"qtp679613617-21","logger":"org.javalite.activeweb.freemarker.FreeMarkerTemplateManager","message":"Rendering template: '/test/index.ftl' with layout: '/layouts/default_layout.ftl'."}
{"level":"INFO","timestamp":"Wed Aug 07 09:31:26 CDT 2019","thread":"qtp679613617-21","logger":"org.javalite.activeweb.RequestDispatcher","message":{"controller":"app.controllers.TestController","duration_millis":75,"remote_ip":"0:0:0:0:0:0:0:1","method":"GET","action":"index","url":"http://localhost:8080/test","status":200}}
{"level":"INFO","timestamp":"Wed Aug 07 09:31:27 CDT 2019","thread":"qtp679613617-20","logger":"org.javalite.activeweb.RequestDispatcher","message":{"info":"executing controller","controller":"app.controllers.TestController","action":"index","method":"GET"}}
{"level":"INFO","timestamp":"Wed Aug 07 09:31:27 CDT 2019","thread":"qtp679613617-20","logger":"org.javalite.activeweb.freemarker.FreeMarkerTemplateManager","message":"Rendering template: '/test/index.ftl' with layout: '/layouts/default_layout.ftl'."}
{"level":"INFO","timestamp":"Wed Aug 07 09:31:27 CDT 2019","thread":"qtp679613617-20","logger":"org.javalite.activeweb.RequestDispatcher","message":{"controller":"app.controllers.TestController","duration_millis":72,"remote_ip":"0:0:0:0:0:0:0:1","method":"GET","action":"index","url":"http://localhost:8080/test","status":200}}
{"level":"INFO","timestamp":"Wed Aug 07 09:31:27 CDT 2019","thread":"qtp679613617-21","logger":"org.javalite.activeweb.RequestDispatcher","message":{"info":"executing controller","controller":"app.controllers.TestController","action":"index","method":"GET"}}
{"level":"INFO","timestamp":"Wed Aug 07 09:31:27 CDT 2019","thread":"qtp679613617-21","logger":"org.javalite.activeweb.freemarker.FreeMarkerTemplateManager","message":"Rendering template: '/test/index.ftl' with layout: '/layouts/default_layout.ftl'."}
{"level":"INFO","timestamp":"Wed Aug 07 09:31:27 CDT 2019","thread":"qtp679613617-21","logger":"org.javalite.activeweb.RequestDispatcher","message":{"controller":"app.controllers.TestController","duration_millis":53,"remote_ip":"0:0:0:0:0:0:0:1","method":"GET","action":"index","url":"http://localhost:8080/test","status":200}}
{"level":"INFO","timestamp":"Wed Aug 07 09:31:27 CDT 2019","thread":"qtp679613617-20","logger":"org.javalite.activeweb.RequestDispatcher","message":{"info":"executing controller","controller":"app.controllers.TestController","action":"index","method":"GET"}}
{"level":"INFO","timestamp":"Wed Aug 07 09:31:27 CDT 2019","thread":"qtp679613617-20","logger":"org.javalite.activeweb.freemarker.FreeMarkerTemplateManager","message":"Rendering template: '/test/index.ftl' with layout: '/layouts/default_layout.ftl'."}
{"level":"INFO","timestamp":"Wed Aug 07 09:31:27 CDT 2019","thread":"qtp679613617-20","logger":"org.javalite.activeweb.RequestDispatcher","message":{"controller":"app.controllers.TestController","duration_millis":50,"remote_ip":"0:0:0:0:0:0:0:1","method":"GET","action":"index","url":"http://localhost:8080/test","status":200}}
{"level":"INFO","timestamp":"Wed Aug 07 09:31:27 CDT 2019","thread":"qtp679613617-21","logger":"org.javalite.activeweb.RequestDispatcher","message":{"info":"executing controller","controller":"app.controllers.TestController","action":"index","method":"GET"}}
{"level":"INFO","timestamp":"Wed Aug 07 09:31:27 CDT 2019","thread":"qtp679613617-21","logger":"org.javalite.activeweb.freemarker.FreeMarkerTemplateManager","message":"Rendering template: '/test/index.ftl' with layout: '/layouts/default_layout.ftl'."}
{"level":"INFO","timestamp":"Wed Aug 07 09:31:27 CDT 2019","thread":"qtp679613617-21","logger":"org.javalite.activeweb.RequestDispatcher","message":{"controller":"app.controllers.TestController","duration_millis":91,"remote_ip":"0:0:0:0:0:0:0:1","method":"GET","action":"index","url":"http://localhost:8080/test","status":200}}
{"level":"INFO","timestamp":"Wed Aug 07 09:31:27 CDT 2019","thread":"qtp679613617-20","logger":"org.javalite.activeweb.RequestDispatcher","message":{"info":"executing controller","controller":"app.controllers.TestController","action":"index","method":"GET"}}
{"level":"INFO","timestamp":"Wed Aug 07 09:31:27 CDT 2019","thread":"qtp679613617-20","logger":"org.javalite.activeweb.freemarker.FreeMarkerTemplateManager","message":"Rendering template: '/test/index.ftl' with layout: '/layouts/default_layout.ftl'."}
{"level":"INFO","timestamp":"Wed Aug 07 09:31:27 CDT 2019","thread":"qtp679613617-20","logger":"org.javalite.activeweb.RequestDispatcher","message":{"controller":"app.controllers.TestController","duration_millis":52,"remote_ip":"0:0:0:0:0:0:0:1","method":"GET","action":"index","url":"http://localhost:8080/test","status":200}}
